0 info it worked if it ends with ok
1 verbose cli [ '/Users/margo/.nvm/versions/node/v6.8.1/bin/node',
1 verbose cli   '/Users/margo/.nvm/versions/node/v6.8.1/bin/npm',
1 verbose cli   'run',
1 verbose cli   'test:integration' ]
2 info using npm@3.10.8
3 info using node@v6.8.1
4 verbose run-script [ 'pretest:integration',
4 verbose run-script   'test:integration',
4 verbose run-script   'posttest:integration' ]
5 info lifecycle code42-template@0.0.1~pretest:integration: code42-template@0.0.1
6 silly lifecycle code42-template@0.0.1~pretest:integration: no script for pretest:integration, continuing
7 info lifecycle code42-template@0.0.1~test:integration: code42-template@0.0.1
8 verbose lifecycle code42-template@0.0.1~test:integration: unsafe-perm in lifecycle true
9 verbose lifecycle code42-template@0.0.1~test:integration: PATH: /Users/margo/.nvm/versions/node/v6.8.1/lib/node_modules/npm/bin/node-gyp-bin:/Users/margo/rails_projects/twitter_widget/node_modules/.bin:/Users/margo/.rvm/gems/ruby-2.3.1/bin:/Users/margo/.rvm/gems/ruby-2.3.1@global/bin:/Users/margo/.rvm/rubies/ruby-2.3.1/bin:/Users/margo/.rvm/bin:/Users/margo/.nvm/versions/node/v6.8.1/bin:/usr/bin:/bin:/usr/sbin:/sbin:/usr/local/bin
10 verbose lifecycle code42-template@0.0.1~test:integration: CWD: /Users/margo/rails_projects/twitter_widget
11 silly lifecycle code42-template@0.0.1~test:integration: Args: [ '-c',
11 silly lifecycle   'NODE_ENV=test NODE_PATH=\'./app/assets/javascripts\' karma start config/karma.conf.js' ]
12 silly lifecycle code42-template@0.0.1~test:integration: Returned: code: 1  signal: null
13 info lifecycle code42-template@0.0.1~test:integration: Failed to exec test:integration script
14 verbose stack Error: code42-template@0.0.1 test:integration: `NODE_ENV=test NODE_PATH='./app/assets/javascripts' karma start config/karma.conf.js`
14 verbose stack Exit status 1
14 verbose stack     at EventEmitter.<anonymous> (/Users/margo/.nvm/versions/node/v6.8.1/lib/node_modules/npm/lib/utils/lifecycle.js:255:16)
14 verbose stack     at emitTwo (events.js:106:13)
14 verbose stack     at EventEmitter.emit (events.js:191:7)
14 verbose stack     at ChildProcess.<anonymous> (/Users/margo/.nvm/versions/node/v6.8.1/lib/node_modules/npm/lib/utils/spawn.js:40:14)
14 verbose stack     at emitTwo (events.js:106:13)
14 verbose stack     at ChildProcess.emit (events.js:191:7)
14 verbose stack     at maybeClose (internal/child_process.js:877:16)
14 verbose stack     at Process.ChildProcess._handle.onexit (internal/child_process.js:226:5)
15 verbose pkgid code42-template@0.0.1
16 verbose cwd /Users/margo/rails_projects/twitter_widget
17 error Darwin 15.0.0
18 error argv "/Users/margo/.nvm/versions/node/v6.8.1/bin/node" "/Users/margo/.nvm/versions/node/v6.8.1/bin/npm" "run" "test:integration"
19 error node v6.8.1
20 error npm  v3.10.8
21 error code ELIFECYCLE
22 error code42-template@0.0.1 test:integration: `NODE_ENV=test NODE_PATH='./app/assets/javascripts' karma start config/karma.conf.js`
22 error Exit status 1
23 error Failed at the code42-template@0.0.1 test:integration script 'NODE_ENV=test NODE_PATH='./app/assets/javascripts' karma start config/karma.conf.js'.
23 error Make sure you have the latest version of node.js and npm installed.
23 error If you do, this is most likely a problem with the code42-template package,
23 error not with npm itself.
23 error Tell the author that this fails on your system:
23 error     NODE_ENV=test NODE_PATH='./app/assets/javascripts' karma start config/karma.conf.js
23 error You can get information on how to open an issue for this project with:
23 error     npm bugs code42-template
23 error Or if that isn't available, you can get their info via:
23 error     npm owner ls code42-template
23 error There is likely additional logging output above.
24 verbose exit [ 1, true ]
